2023-07-26 00:00:07,368 - LDPTrace - INFO - Parameters: Namespace(dataset='porto', epsilon=1.0, grid_num=6, max_len=0.9, multiprocessing=False, query_num=300, re_syn=True, size_factor=9.0)
2023-07-26 00:00:07,369 - LDPTrace - INFO - Reading porto dataset...
2023-07-26 00:01:03,986 - LDPTrace - INFO - Convert raw trajectories to grids...
2023-07-26 00:02:05,283 - LDPTrace - INFO - Quantile: 5
2023-07-26 00:02:05,284 - LDPTrace - INFO - Updating Markov prob...
2023-07-26 00:02:50,242 - LDPTrace - INFO - Aggregating...
2023-07-26 00:02:50,243 - LDPTrace - INFO - Synthesizing...
2023-07-26 00:03:48,912 - LDPTrace - INFO - Experiment: Density Error...
2023-07-26 00:03:50,127 - LDPTrace - INFO - Density Error: 0.06906358202964957
2023-07-26 00:03:50,127 - LDPTrace - INFO - Experiment: Hotspot Query Error...
2023-07-26 00:03:50,128 - LDPTrace - INFO - Hotspot Query Error: 0.0
2023-07-26 00:03:50,128 - LDPTrace - INFO - Experiment: Query AvRE...
2023-07-26 00:06:12,056 - LDPTrace - INFO - Point Query AvRE: 1.7273526729149489
2023-07-26 00:06:12,057 - LDPTrace - INFO - Experiment: Kendall-tau...
2023-07-26 00:07:03,068 - LDPTrace - INFO - Kendall_tau:0.4222222222222222
2023-07-26 00:07:03,070 - LDPTrace - INFO - Experiment: Trip error...
2023-07-26 00:07:04,392 - LDPTrace - INFO - Trip error: 0.11866692787666036
2023-07-26 00:07:04,392 - LDPTrace - INFO - Experiment: Diameter error...
2023-07-26 00:10:00,114 - LDPTrace - INFO - Diameter error: 0.04078044602218826
2023-07-26 00:10:00,115 - LDPTrace - INFO - Experiment: Length error...
2023-07-26 00:10:08,459 - LDPTrace - INFO - Length error: 0.059930385282767056
2023-07-26 00:10:08,459 - LDPTrace - INFO - Experiment: Pattern mining errors...
2023-07-26 00:10:28,310 - LDPTrace - INFO - Pattern F1 error: 0.41999999999999993
2023-07-26 00:10:28,311 - LDPTrace - INFO - Pattern support error: 0.7026259363345305
