2023-07-25 22:24:33,701 - LDPTrace - INFO - Parameters: Namespace(dataset='porto', epsilon=1.5, grid_num=6, max_len=0.9, multiprocessing=False, query_num=100, re_syn=True, size_factor=9.0)
2023-07-25 22:24:33,701 - LDPTrace - INFO - Reading porto dataset...
2023-07-25 22:24:48,784 - LDPTrace - INFO - Convert raw trajectories to grids...
2023-07-25 22:25:41,935 - LDPTrace - INFO - Quantile: 6
2023-07-25 22:25:41,935 - LDPTrace - INFO - Updating Markov prob...
2023-07-25 22:26:26,723 - LDPTrace - INFO - Aggregating...
2023-07-25 22:26:26,723 - LDPTrace - INFO - Synthesizing...
2023-07-25 22:27:11,170 - LDPTrace - INFO - Experiment: Density Error...
2023-07-25 22:27:12,259 - LDPTrace - INFO - Density Error: 0.006948630067234724
2023-07-25 22:27:12,260 - LDPTrace - INFO - Experiment: Hotspot Query Error...
2023-07-25 22:27:12,260 - LDPTrace - INFO - Hotspot Query Error: 0.0
2023-07-25 22:27:12,263 - LDPTrace - INFO - Experiment: Query AvRE...
2023-07-25 22:27:55,131 - LDPTrace - INFO - Point Query AvRE: 0.2374558759871669
2023-07-25 22:27:55,131 - LDPTrace - INFO - Experiment: Kendall-tau...
2023-07-25 22:28:46,525 - LDPTrace - INFO - Kendall_tau:0.7587301587301587
2023-07-25 22:28:46,525 - LDPTrace - INFO - Experiment: Trip error...
2023-07-25 22:28:47,866 - LDPTrace - INFO - Trip error: 0.07710109544275304
2023-07-25 22:28:47,866 - LDPTrace - INFO - Experiment: Diameter error...
2023-07-25 22:31:36,841 - LDPTrace - INFO - Diameter error: 0.014417241556410037
2023-07-25 22:31:36,842 - LDPTrace - INFO - Experiment: Length error...
2023-07-25 22:31:43,793 - LDPTrace - INFO - Length error: 0.0321949458313745
2023-07-25 22:31:43,794 - LDPTrace - INFO - Experiment: Pattern mining errors...
2023-07-25 22:31:58,325 - LDPTrace - INFO - Pattern F1 error: 0.65
2023-07-25 22:31:58,325 - LDPTrace - INFO - Pattern support error: 0.6693871145550834
