2023-07-26 00:23:32,933 - LDPTrace - INFO - Parameters: Namespace(dataset='porto', epsilon=1.5, grid_num=6, max_len=0.9, multiprocessing=False, query_num=250, re_syn=True, size_factor=9.0)
2023-07-26 00:23:32,933 - LDPTrace - INFO - Reading porto dataset...
2023-07-26 00:23:49,364 - LDPTrace - INFO - Convert raw trajectories to grids...
2023-07-26 00:25:45,865 - LDPTrace - INFO - Quantile: 5
2023-07-26 00:25:45,869 - LDPTrace - INFO - Updating Markov prob...
2023-07-26 00:26:36,182 - LDPTrace - INFO - Aggregating...
2023-07-26 00:26:36,187 - LDPTrace - INFO - Synthesizing...
2023-07-26 00:28:52,482 - LDPTrace - INFO - Experiment: Density Error...
2023-07-26 00:28:53,682 - LDPTrace - INFO - Density Error: 0.04246177672509147
2023-07-26 00:28:53,682 - LDPTrace - INFO - Experiment: Hotspot Query Error...
2023-07-26 00:28:53,682 - LDPTrace - INFO - Hotspot Query Error: 0.0
2023-07-26 00:28:53,682 - LDPTrace - INFO - Experiment: Query AvRE...
2023-07-26 00:30:47,411 - LDPTrace - INFO - Point Query AvRE: 1.0655985312422012
2023-07-26 00:30:47,411 - LDPTrace - INFO - Experiment: Kendall-tau...
2023-07-26 00:31:37,242 - LDPTrace - INFO - Kendall_tau:0.4507936507936508
2023-07-26 00:31:37,243 - LDPTrace - INFO - Experiment: Trip error...
2023-07-26 00:31:38,560 - LDPTrace - INFO - Trip error: 0.09718838521552436
2023-07-26 00:31:38,560 - LDPTrace - INFO - Experiment: Diameter error...
2023-07-26 00:34:31,289 - LDPTrace - INFO - Diameter error: 0.027699769984649323
2023-07-26 00:34:31,290 - LDPTrace - INFO - Experiment: Length error...
2023-07-26 00:34:38,901 - LDPTrace - INFO - Length error: 0.04620274266920091
2023-07-26 00:34:38,902 - LDPTrace - INFO - Experiment: Pattern mining errors...
2023-07-26 00:34:56,036 - LDPTrace - INFO - Pattern F1 error: 0.48
2023-07-26 00:34:56,037 - LDPTrace - INFO - Pattern support error: 0.7039469428060631
