2023-07-25 22:48:49,902 - LDPTrace - INFO - Parameters: Namespace(dataset='porto', epsilon=1.5, grid_num=6, max_len=0.9, multiprocessing=False, query_num=300, re_syn=True, size_factor=9.0)
2023-07-25 22:48:49,902 - LDPTrace - INFO - Reading porto dataset...
2023-07-25 22:49:05,707 - LDPTrace - INFO - Convert raw trajectories to grids...
2023-07-25 22:50:00,147 - LDPTrace - INFO - Quantile: 5
2023-07-25 22:50:00,148 - LDPTrace - INFO - Updating Markov prob...
2023-07-25 22:50:43,708 - LDPTrace - INFO - Aggregating...
2023-07-25 22:50:43,709 - LDPTrace - INFO - Synthesizing...
2023-07-25 22:51:37,140 - LDPTrace - INFO - Experiment: Density Error...
2023-07-25 22:51:38,311 - LDPTrace - INFO - Density Error: 0.04246177672509147
2023-07-25 22:51:38,311 - LDPTrace - INFO - Experiment: Hotspot Query Error...
2023-07-25 22:51:38,311 - LDPTrace - INFO - Hotspot Query Error: 0.0
2023-07-25 22:51:38,312 - LDPTrace - INFO - Experiment: Query AvRE...
2023-07-25 22:53:57,073 - LDPTrace - INFO - Point Query AvRE: 1.0678887852192072
2023-07-25 22:53:57,075 - LDPTrace - INFO - Experiment: Kendall-tau...
2023-07-25 22:54:47,943 - LDPTrace - INFO - Kendall_tau:0.4507936507936508
2023-07-25 22:54:47,943 - LDPTrace - INFO - Experiment: Trip error...
2023-07-25 22:54:49,287 - LDPTrace - INFO - Trip error: 0.09718838521552436
2023-07-25 22:54:49,287 - LDPTrace - INFO - Experiment: Diameter error...
2023-07-25 22:57:39,846 - LDPTrace - INFO - Diameter error: 0.027699769984649323
2023-07-25 22:57:39,847 - LDPTrace - INFO - Experiment: Length error...
2023-07-25 22:57:47,351 - LDPTrace - INFO - Length error: 0.04620274266920091
2023-07-25 22:57:47,352 - LDPTrace - INFO - Experiment: Pattern mining errors...
2023-07-25 22:58:04,238 - LDPTrace - INFO - Pattern F1 error: 0.48
2023-07-25 22:58:04,238 - LDPTrace - INFO - Pattern support error: 0.7039469428060631
