2023-07-25 22:14:57,858 - LDPTrace - INFO - Parameters: Namespace(dataset='porto', epsilon=1.0, grid_num=6, max_len=0.9, multiprocessing=False, query_num=100, re_syn=True, size_factor=9.0)
2023-07-25 22:14:57,858 - LDPTrace - INFO - Reading porto dataset...
2023-07-25 22:15:11,720 - LDPTrace - INFO - Convert raw trajectories to grids...
2023-07-25 22:16:02,765 - LDPTrace - INFO - Quantile: 6
2023-07-25 22:16:02,767 - LDPTrace - INFO - Updating Markov prob...
2023-07-25 22:16:46,231 - LDPTrace - INFO - Aggregating...
2023-07-25 22:16:46,233 - LDPTrace - INFO - Synthesizing...
2023-07-25 22:17:28,240 - LDPTrace - INFO - Experiment: Density Error...
2023-07-25 22:17:29,293 - LDPTrace - INFO - Density Error: 0.008102794574119847
2023-07-25 22:17:29,294 - LDPTrace - INFO - Experiment: Hotspot Query Error...
2023-07-25 22:17:29,294 - LDPTrace - INFO - Hotspot Query Error: 0.0
2023-07-25 22:17:29,294 - LDPTrace - INFO - Experiment: Query AvRE...
2023-07-25 22:18:11,062 - LDPTrace - INFO - Point Query AvRE: 0.2708815109823164
2023-07-25 22:18:11,062 - LDPTrace - INFO - Experiment: Kendall-tau...
2023-07-25 22:18:57,728 - LDPTrace - INFO - Kendall_tau:0.7111111111111111
2023-07-25 22:18:57,728 - LDPTrace - INFO - Experiment: Trip error...
2023-07-25 22:18:58,997 - LDPTrace - INFO - Trip error: 0.0780180838560626
2023-07-25 22:18:58,997 - LDPTrace - INFO - Experiment: Diameter error...
2023-07-25 22:21:42,846 - LDPTrace - INFO - Diameter error: 0.014851061567241006
2023-07-25 22:21:42,847 - LDPTrace - INFO - Experiment: Length error...
2023-07-25 22:21:49,102 - LDPTrace - INFO - Length error: 0.03252586208815492
2023-07-25 22:21:49,102 - LDPTrace - INFO - Experiment: Pattern mining errors...
2023-07-25 22:22:02,560 - LDPTrace - INFO - Pattern F1 error: 0.63
2023-07-25 22:22:02,560 - LDPTrace - INFO - Pattern support error: 0.6685364142419804
