2023-07-26 00:00:15,542 - LDPTrace - INFO - Parameters: Namespace(dataset='porto', epsilon=1.5, grid_num=6, max_len=0.9, multiprocessing=False, query_num=300, re_syn=True, size_factor=9.0)
2023-07-26 00:00:15,542 - LDPTrace - INFO - Reading porto dataset...
2023-07-26 00:01:14,561 - LDPTrace - INFO - Convert raw trajectories to grids...
2023-07-26 00:02:14,192 - LDPTrace - INFO - Quantile: 5
2023-07-26 00:02:14,193 - LDPTrace - INFO - Updating Markov prob...
2023-07-26 00:02:57,493 - LDPTrace - INFO - Aggregating...
2023-07-26 00:02:57,494 - LDPTrace - INFO - Synthesizing...
2023-07-26 00:03:50,540 - LDPTrace - INFO - Experiment: Density Error...
2023-07-26 00:03:51,673 - LDPTrace - INFO - Density Error: 0.04246177672509147
2023-07-26 00:03:51,673 - LDPTrace - INFO - Experiment: Hotspot Query Error...
2023-07-26 00:03:51,674 - LDPTrace - INFO - Hotspot Query Error: 0.0
2023-07-26 00:03:51,674 - LDPTrace - INFO - Experiment: Query AvRE...
2023-07-26 00:06:10,057 - LDPTrace - INFO - Point Query AvRE: 1.0678887852192072
2023-07-26 00:06:10,058 - LDPTrace - INFO - Experiment: Kendall-tau...
2023-07-26 00:07:00,461 - LDPTrace - INFO - Kendall_tau:0.4507936507936508
2023-07-26 00:07:00,462 - LDPTrace - INFO - Experiment: Trip error...
2023-07-26 00:07:01,778 - LDPTrace - INFO - Trip error: 0.09718838521552436
2023-07-26 00:07:01,778 - LDPTrace - INFO - Experiment: Diameter error...
2023-07-26 00:09:58,210 - LDPTrace - INFO - Diameter error: 0.027699769984649323
2023-07-26 00:09:58,211 - LDPTrace - INFO - Experiment: Length error...
2023-07-26 00:10:06,281 - LDPTrace - INFO - Length error: 0.04620274266920091
2023-07-26 00:10:06,282 - LDPTrace - INFO - Experiment: Pattern mining errors...
2023-07-26 00:10:23,422 - LDPTrace - INFO - Pattern F1 error: 0.48
2023-07-26 00:10:23,423 - LDPTrace - INFO - Pattern support error: 0.7039469428060631
