2023-07-14 19:10:33,359 - LDPTrace - INFO - Parameters: Namespace(dataset='porto', epsilon=1.0, grid_num=6, max_len=0.9, multiprocessing=False, query_num=200, re_syn=True, size_factor=9.0)
2023-07-14 19:10:33,359 - LDPTrace - INFO - Reading porto dataset...
2023-07-14 19:13:22,349 - LDPTrace - INFO - Convert raw trajectories to grids...
2023-07-14 19:14:22,428 - LDPTrace - INFO - Quantile: 6
2023-07-14 19:14:22,430 - LDPTrace - INFO - Updating Markov prob...
2023-07-14 19:15:07,581 - LDPTrace - INFO - Aggregating...
2023-07-14 19:15:07,583 - LDPTrace - INFO - Synthesizing...
2023-07-14 19:16:02,490 - LDPTrace - INFO - Experiment: Density Error...
2023-07-14 19:16:03,856 - LDPTrace - INFO - Density Error: 0.008102794574119847
2023-07-14 19:16:03,858 - LDPTrace - INFO - Experiment: Hotspot Query Error...
2023-07-14 19:16:03,860 - LDPTrace - INFO - Hotspot Query Error: 0.0
2023-07-14 19:16:03,860 - LDPTrace - INFO - Experiment: Query AvRE...
2023-07-14 19:17:35,112 - LDPTrace - INFO - Point Query AvRE: 0.27392485610781003
2023-07-14 19:17:35,118 - LDPTrace - INFO - Experiment: Kendall-tau...
2023-07-14 19:18:25,070 - LDPTrace - INFO - Kendall_tau:0.7111111111111111
2023-07-14 19:18:25,072 - LDPTrace - INFO - Experiment: Trip error...
2023-07-14 19:18:26,377 - LDPTrace - INFO - Trip error: 0.0780180838560626
2023-07-14 19:18:26,377 - LDPTrace - INFO - Experiment: Diameter error...
2023-07-14 19:21:22,311 - LDPTrace - INFO - Diameter error: 0.014851061567241006
2023-07-14 19:21:22,313 - LDPTrace - INFO - Experiment: Length error...
2023-07-14 19:21:29,919 - LDPTrace - INFO - Length error: 0.03252586208815492
2023-07-14 19:21:29,922 - LDPTrace - INFO - Experiment: Pattern mining errors...
2023-07-14 19:21:45,253 - LDPTrace - INFO - Pattern F1 error: 0.63
2023-07-14 19:21:45,253 - LDPTrace - INFO - Pattern support error: 0.6685364142419804
