2023-07-26 00:23:24,820 - LDPTrace - INFO - Parameters: Namespace(dataset='porto', epsilon=0.5, grid_num=6, max_len=0.9, multiprocessing=False, query_num=250, re_syn=True, size_factor=9.0)
2023-07-26 00:23:24,820 - LDPTrace - INFO - Reading porto dataset...
2023-07-26 00:23:40,148 - LDPTrace - INFO - Convert raw trajectories to grids...
2023-07-26 00:25:29,284 - LDPTrace - INFO - Quantile: 4
2023-07-26 00:25:29,287 - LDPTrace - INFO - Updating Markov prob...
2023-07-26 00:26:14,971 - LDPTrace - INFO - Aggregating...
2023-07-26 00:26:14,974 - LDPTrace - INFO - Synthesizing...
2023-07-26 00:28:51,620 - LDPTrace - INFO - Experiment: Density Error...
2023-07-26 00:28:53,127 - LDPTrace - INFO - Density Error: 0.09487444016527594
2023-07-26 00:28:53,127 - LDPTrace - INFO - Experiment: Hotspot Query Error...
2023-07-26 00:28:53,128 - LDPTrace - INFO - Hotspot Query Error: 0.046408286914721875
2023-07-26 00:28:53,128 - LDPTrace - INFO - Experiment: Query AvRE...
2023-07-26 00:31:04,852 - LDPTrace - INFO - Point Query AvRE: 2.393885018438369
2023-07-26 00:31:04,853 - LDPTrace - INFO - Experiment: Kendall-tau...
2023-07-26 00:31:54,977 - LDPTrace - INFO - Kendall_tau:0.6698412698412698
2023-07-26 00:31:54,977 - LDPTrace - INFO - Experiment: Trip error...
2023-07-26 00:31:56,305 - LDPTrace - INFO - Trip error: 0.15426384478483485
2023-07-26 00:31:56,306 - LDPTrace - INFO - Experiment: Diameter error...
2023-07-26 00:34:50,691 - LDPTrace - INFO - Diameter error: 0.07603592036250398
2023-07-26 00:34:50,692 - LDPTrace - INFO - Experiment: Length error...
2023-07-26 00:34:59,082 - LDPTrace - INFO - Length error: 0.09083765629557408
2023-07-26 00:34:59,083 - LDPTrace - INFO - Experiment: Pattern mining errors...
2023-07-26 00:35:22,352 - LDPTrace - INFO - Pattern F1 error: 0.38
2023-07-26 00:35:22,352 - LDPTrace - INFO - Pattern support error: 0.7085809267272125
