2023-07-25 22:36:49,392 - LDPTrace - INFO - Parameters: Namespace(dataset='porto', epsilon=1.0, grid_num=6, max_len=0.9, multiprocessing=False, query_num=100, re_syn=True, size_factor=9.0)
2023-07-25 22:36:49,392 - LDPTrace - INFO - Reading porto dataset...
2023-07-25 22:37:04,139 - LDPTrace - INFO - Convert raw trajectories to grids...
2023-07-25 22:38:02,461 - LDPTrace - INFO - Quantile: 6
2023-07-25 22:38:02,462 - LDPTrace - INFO - Updating Markov prob...
2023-07-25 22:38:47,916 - LDPTrace - INFO - Aggregating...
2023-07-25 22:38:47,917 - LDPTrace - INFO - Synthesizing...
2023-07-25 22:39:34,270 - LDPTrace - INFO - Experiment: Density Error...
2023-07-25 22:39:35,375 - LDPTrace - INFO - Density Error: 0.008102794574119847
2023-07-25 22:39:35,375 - LDPTrace - INFO - Experiment: Hotspot Query Error...
2023-07-25 22:39:35,376 - LDPTrace - INFO - Hotspot Query Error: 0.0
2023-07-25 22:39:35,376 - LDPTrace - INFO - Experiment: Query AvRE...
2023-07-25 22:40:19,004 - LDPTrace - INFO - Point Query AvRE: 0.2708815109823164
2023-07-25 22:40:19,005 - LDPTrace - INFO - Experiment: Kendall-tau...
2023-07-25 22:41:08,564 - LDPTrace - INFO - Kendall_tau:0.7111111111111111
2023-07-25 22:41:08,565 - LDPTrace - INFO - Experiment: Trip error...
2023-07-25 22:41:09,891 - LDPTrace - INFO - Trip error: 0.0780180838560626
2023-07-25 22:41:09,891 - LDPTrace - INFO - Experiment: Diameter error...
2023-07-25 22:44:03,313 - LDPTrace - INFO - Diameter error: 0.014851061567241006
2023-07-25 22:44:03,314 - LDPTrace - INFO - Experiment: Length error...
2023-07-25 22:44:10,674 - LDPTrace - INFO - Length error: 0.03252586208815492
2023-07-25 22:44:10,674 - LDPTrace - INFO - Experiment: Pattern mining errors...
2023-07-25 22:44:26,337 - LDPTrace - INFO - Pattern F1 error: 0.63
2023-07-25 22:44:26,337 - LDPTrace - INFO - Pattern support error: 0.6685364142419804
