2023-07-25 22:24:21,935 - LDPTrace - INFO - Parameters: Namespace(dataset='porto', epsilon=0.5, grid_num=6, max_len=0.9, multiprocessing=False, query_num=100, re_syn=True, size_factor=9.0)
2023-07-25 22:24:21,935 - LDPTrace - INFO - Reading porto dataset...
2023-07-25 22:24:36,267 - LDPTrace - INFO - Convert raw trajectories to grids...
2023-07-25 22:25:29,523 - LDPTrace - INFO - Quantile: 7
2023-07-25 22:25:29,524 - LDPTrace - INFO - Updating Markov prob...
2023-07-25 22:26:15,226 - LDPTrace - INFO - Aggregating...
2023-07-25 22:26:15,227 - LDPTrace - INFO - Synthesizing...
2023-07-25 22:27:00,400 - LDPTrace - INFO - Experiment: Density Error...
2023-07-25 22:27:01,486 - LDPTrace - INFO - Density Error: 0.008994571810733742
2023-07-25 22:27:01,486 - LDPTrace - INFO - Experiment: Hotspot Query Error...
2023-07-25 22:27:01,487 - LDPTrace - INFO - Hotspot Query Error: 0.0
2023-07-25 22:27:01,487 - LDPTrace - INFO - Experiment: Query AvRE...
2023-07-25 22:27:44,752 - LDPTrace - INFO - Point Query AvRE: 0.30984030453921996
2023-07-25 22:27:44,753 - LDPTrace - INFO - Experiment: Kendall-tau...
2023-07-25 22:28:35,806 - LDPTrace - INFO - Kendall_tau:0.6666666666666666
2023-07-25 22:28:35,807 - LDPTrace - INFO - Experiment: Trip error...
2023-07-25 22:28:37,129 - LDPTrace - INFO - Trip error: 0.07550502474888728
2023-07-25 22:28:37,129 - LDPTrace - INFO - Experiment: Diameter error...
2023-07-25 22:31:33,766 - LDPTrace - INFO - Diameter error: 0.01515285930028537
2023-07-25 22:31:33,768 - LDPTrace - INFO - Experiment: Length error...
2023-07-25 22:31:40,529 - LDPTrace - INFO - Length error: 0.033646193712898946
2023-07-25 22:31:40,529 - LDPTrace - INFO - Experiment: Pattern mining errors...
2023-07-25 22:31:55,370 - LDPTrace - INFO - Pattern F1 error: 0.67
2023-07-25 22:31:55,371 - LDPTrace - INFO - Pattern support error: 0.6501074554953982
