2023-07-14 19:23:30,423 - LDPTrace - INFO - Parameters: Namespace(dataset='porto', epsilon=0.5, grid_num=6, max_len=0.9, multiprocessing=False, query_num=200, re_syn=True, size_factor=9.0)
2023-07-14 19:23:30,423 - LDPTrace - INFO - Reading porto dataset...
2023-07-14 19:23:45,278 - LDPTrace - INFO - Convert raw trajectories to grids...
2023-07-14 19:24:43,649 - LDPTrace - INFO - Quantile: 7
2023-07-14 19:24:43,655 - LDPTrace - INFO - Updating Markov prob...
2023-07-14 19:25:30,994 - LDPTrace - INFO - Aggregating...
2023-07-14 19:25:30,996 - LDPTrace - INFO - Synthesizing...
2023-07-14 19:26:19,569 - LDPTrace - INFO - Experiment: Density Error...
2023-07-14 19:26:20,669 - LDPTrace - INFO - Density Error: 0.008994571810733742
2023-07-14 19:26:20,669 - LDPTrace - INFO - Experiment: Hotspot Query Error...
2023-07-14 19:26:20,669 - LDPTrace - INFO - Hotspot Query Error: 0.0
2023-07-14 19:26:20,669 - LDPTrace - INFO - Experiment: Query AvRE...
2023-07-14 19:27:49,194 - LDPTrace - INFO - Point Query AvRE: 0.2960358163126791
2023-07-14 19:27:49,195 - LDPTrace - INFO - Experiment: Kendall-tau...
2023-07-14 19:28:39,475 - LDPTrace - INFO - Kendall_tau:0.6666666666666666
2023-07-14 19:28:39,477 - LDPTrace - INFO - Experiment: Trip error...
2023-07-14 19:28:40,797 - LDPTrace - INFO - Trip error: 0.07550502474888728
2023-07-14 19:28:40,797 - LDPTrace - INFO - Experiment: Diameter error...
2023-07-14 19:31:40,252 - LDPTrace - INFO - Diameter error: 0.01515285930028537
2023-07-14 19:31:40,253 - LDPTrace - INFO - Experiment: Length error...
2023-07-14 19:31:48,585 - LDPTrace - INFO - Length error: 0.033646193712898946
2023-07-14 19:31:48,586 - LDPTrace - INFO - Experiment: Pattern mining errors...
2023-07-14 19:32:02,943 - LDPTrace - INFO - Pattern F1 error: 0.67
2023-07-14 19:32:02,943 - LDPTrace - INFO - Pattern support error: 0.6501074554953982
