2023-07-14 17:52:35,865 - LDPTrace - INFO - Parameters: Namespace(dataset='porto', epsilon=1.0, grid_num=6, max_len=0.9, multiprocessing=False, query_num=200, re_syn=True, size_factor=9.0)
2023-07-14 17:52:35,866 - LDPTrace - INFO - Reading porto dataset...
2023-07-14 17:52:51,854 - LDPTrace - INFO - Convert raw trajectories to grids...
2023-07-14 17:55:36,087 - LDPTrace - INFO - Quantile: 6
2023-07-14 17:55:36,087 - LDPTrace - INFO - Updating Markov prob...
2023-07-14 17:56:46,617 - LDPTrace - INFO - Aggregating...
2023-07-14 17:56:46,619 - LDPTrace - INFO - Synthesizing...
2023-07-14 17:57:59,020 - LDPTrace - INFO - Experiment: Density Error...
2023-07-14 17:58:02,031 - LDPTrace - INFO - Density Error: 0.008102794574119847
2023-07-14 17:58:02,032 - LDPTrace - INFO - Experiment: Hotspot Query Error...
2023-07-14 17:58:02,032 - LDPTrace - INFO - Hotspot Query Error: 0.0
2023-07-14 17:58:02,032 - LDPTrace - INFO - Experiment: Query AvRE...
2023-07-14 18:03:58,840 - LDPTrace - INFO - Point Query AvRE: 0.27392485610781003
2023-07-14 18:03:58,841 - LDPTrace - INFO - Experiment: Kendall-tau...
2023-07-14 18:05:14,960 - LDPTrace - INFO - Kendall_tau:0.7111111111111111
2023-07-14 18:05:14,961 - LDPTrace - INFO - Experiment: Trip error...
2023-07-14 18:05:19,485 - LDPTrace - INFO - Trip error: 0.0780180838560626
2023-07-14 18:05:19,485 - LDPTrace - INFO - Experiment: Diameter error...
2023-07-14 18:11:41,713 - LDPTrace - INFO - Diameter error: 0.014851061567241006
2023-07-14 18:11:41,713 - LDPTrace - INFO - Experiment: Length error...
2023-07-14 18:11:59,028 - LDPTrace - INFO - Length error: 0.03252586208815492
2023-07-14 18:11:59,028 - LDPTrace - INFO - Experiment: Pattern mining errors...
2023-07-14 18:12:41,497 - LDPTrace - INFO - Pattern F1 error: 0.63
2023-07-14 18:12:41,497 - LDPTrace - INFO - Pattern support error: 0.6685364142419804
