2023-07-26 00:00:09,967 - LDPTrace - INFO - Parameters: Namespace(dataset='porto', epsilon=0.5, grid_num=6, max_len=0.9, multiprocessing=False, query_num=300, re_syn=True, size_factor=9.0)
2023-07-26 00:00:09,967 - LDPTrace - INFO - Reading porto dataset...
2023-07-26 00:01:14,069 - LDPTrace - INFO - Convert raw trajectories to grids...
2023-07-26 00:02:14,078 - LDPTrace - INFO - Quantile: 4
2023-07-26 00:02:14,078 - LDPTrace - INFO - Updating Markov prob...
2023-07-26 00:02:53,675 - LDPTrace - INFO - Aggregating...
2023-07-26 00:02:53,675 - LDPTrace - INFO - Synthesizing...
2023-07-26 00:04:01,859 - LDPTrace - INFO - Experiment: Density Error...
2023-07-26 00:04:03,194 - LDPTrace - INFO - Density Error: 0.09487444016527594
2023-07-26 00:04:03,195 - LDPTrace - INFO - Experiment: Hotspot Query Error...
2023-07-26 00:04:03,195 - LDPTrace - INFO - Hotspot Query Error: 0.046408286914721875
2023-07-26 00:04:03,195 - LDPTrace - INFO - Experiment: Query AvRE...
2023-07-26 00:06:38,318 - LDPTrace - INFO - Point Query AvRE: 2.3425161625140354
2023-07-26 00:06:38,319 - LDPTrace - INFO - Experiment: Kendall-tau...
2023-07-26 00:07:28,189 - LDPTrace - INFO - Kendall_tau:0.6698412698412698
2023-07-26 00:07:28,190 - LDPTrace - INFO - Experiment: Trip error...
2023-07-26 00:07:29,514 - LDPTrace - INFO - Trip error: 0.15426384478483485
2023-07-26 00:07:29,514 - LDPTrace - INFO - Experiment: Diameter error...
2023-07-26 00:10:27,623 - LDPTrace - INFO - Diameter error: 0.07603592036250398
2023-07-26 00:10:27,624 - LDPTrace - INFO - Experiment: Length error...
2023-07-26 00:10:36,289 - LDPTrace - INFO - Length error: 0.09083765629557408
2023-07-26 00:10:36,290 - LDPTrace - INFO - Experiment: Pattern mining errors...
2023-07-26 00:10:59,629 - LDPTrace - INFO - Pattern F1 error: 0.38
2023-07-26 00:10:59,630 - LDPTrace - INFO - Pattern support error: 0.7085809267272125
