2023-07-14 19:32:21,003 - LDPTrace - INFO - Parameters: Namespace(dataset='porto', epsilon=1.5, grid_num=6, max_len=0.9, multiprocessing=False, query_num=200, re_syn=True, size_factor=9.0)
2023-07-14 19:32:21,003 - LDPTrace - INFO - Reading porto dataset...
2023-07-14 19:32:34,885 - LDPTrace - INFO - Convert raw trajectories to grids...
2023-07-14 19:33:27,723 - LDPTrace - INFO - Quantile: 6
2023-07-14 19:33:27,724 - LDPTrace - INFO - Updating Markov prob...
2023-07-14 19:34:13,585 - LDPTrace - INFO - Aggregating...
2023-07-14 19:34:13,587 - LDPTrace - INFO - Synthesizing...
2023-07-14 19:34:59,779 - LDPTrace - INFO - Experiment: Density Error...
2023-07-14 19:35:00,879 - LDPTrace - INFO - Density Error: 0.006948630067234724
2023-07-14 19:35:00,879 - LDPTrace - INFO - Experiment: Hotspot Query Error...
2023-07-14 19:35:00,879 - LDPTrace - INFO - Hotspot Query Error: 0.0
2023-07-14 19:35:00,879 - LDPTrace - INFO - Experiment: Query AvRE...
2023-07-14 19:36:28,458 - LDPTrace - INFO - Point Query AvRE: 0.248916461625538
2023-07-14 19:36:28,459 - LDPTrace - INFO - Experiment: Kendall-tau...
2023-07-14 19:37:19,301 - LDPTrace - INFO - Kendall_tau:0.7587301587301587
2023-07-14 19:37:19,302 - LDPTrace - INFO - Experiment: Trip error...
2023-07-14 19:37:20,620 - LDPTrace - INFO - Trip error: 0.07710109544275304
2023-07-14 19:37:20,621 - LDPTrace - INFO - Experiment: Diameter error...
2023-07-14 19:40:09,378 - LDPTrace - INFO - Diameter error: 0.014417241556410037
2023-07-14 19:40:09,378 - LDPTrace - INFO - Experiment: Length error...
2023-07-14 19:40:15,735 - LDPTrace - INFO - Length error: 0.0321949458313745
2023-07-14 19:40:15,735 - LDPTrace - INFO - Experiment: Pattern mining errors...
2023-07-14 19:40:29,733 - LDPTrace - INFO - Pattern F1 error: 0.65
2023-07-14 19:40:29,733 - LDPTrace - INFO - Pattern support error: 0.6693871145550834
