2023-07-14 19:12:17,005 - LDPTrace - INFO - Parameters: Namespace(dataset='porto', epsilon=0.5, grid_num=6, max_len=0.9, multiprocessing=False, query_num=200, re_syn=True, size_factor=9.0)
2023-07-14 19:12:17,005 - LDPTrace - INFO - Reading porto dataset...
2023-07-14 19:13:29,790 - LDPTrace - INFO - Convert raw trajectories to grids...
2023-07-14 19:14:28,035 - LDPTrace - INFO - Quantile: 7
2023-07-14 19:14:28,036 - LDPTrace - INFO - Updating Markov prob...
2023-07-14 19:15:16,728 - LDPTrace - INFO - Aggregating...
2023-07-14 19:15:16,729 - LDPTrace - INFO - Synthesizing...
2023-07-14 19:16:13,518 - LDPTrace - INFO - Experiment: Density Error...
2023-07-14 19:16:14,605 - LDPTrace - INFO - Density Error: 0.008994571810733742
2023-07-14 19:16:14,605 - LDPTrace - INFO - Experiment: Hotspot Query Error...
2023-07-14 19:16:14,605 - LDPTrace - INFO - Hotspot Query Error: 0.0
2023-07-14 19:16:14,605 - LDPTrace - INFO - Experiment: Query AvRE...
2023-07-14 19:17:42,541 - LDPTrace - INFO - Point Query AvRE: 0.2960358163126791
2023-07-14 19:17:42,542 - LDPTrace - INFO - Experiment: Kendall-tau...
2023-07-14 19:18:31,177 - LDPTrace - INFO - Kendall_tau:0.6666666666666666
2023-07-14 19:18:31,178 - LDPTrace - INFO - Experiment: Trip error...
2023-07-14 19:18:32,488 - LDPTrace - INFO - Trip error: 0.07550502474888728
2023-07-14 19:18:32,489 - LDPTrace - INFO - Experiment: Diameter error...
2023-07-14 19:21:28,689 - LDPTrace - INFO - Diameter error: 0.01515285930028537
2023-07-14 19:21:28,690 - LDPTrace - INFO - Experiment: Length error...
2023-07-14 19:21:36,854 - LDPTrace - INFO - Length error: 0.033646193712898946
2023-07-14 19:21:36,854 - LDPTrace - INFO - Experiment: Pattern mining errors...
2023-07-14 19:21:58,945 - LDPTrace - INFO - Pattern F1 error: 0.67
2023-07-14 19:21:58,945 - LDPTrace - INFO - Pattern support error: 0.6501074554953982
