2023-07-14 19:10:39,922 - LDPTrace - INFO - Parameters: Namespace(dataset='porto', epsilon=1.5, grid_num=6, max_len=0.9, multiprocessing=False, query_num=200, re_syn=True, size_factor=9.0)
2023-07-14 19:10:39,923 - LDPTrace - INFO - Reading porto dataset...
2023-07-14 19:13:23,214 - LDPTrace - INFO - Convert raw trajectories to grids...
2023-07-14 19:14:22,905 - LDPTrace - INFO - Quantile: 6
2023-07-14 19:14:22,906 - LDPTrace - INFO - Updating Markov prob...
2023-07-14 19:15:08,639 - LDPTrace - INFO - Aggregating...
2023-07-14 19:15:08,641 - LDPTrace - INFO - Synthesizing...
2023-07-14 19:16:10,811 - LDPTrace - INFO - Experiment: Density Error...
2023-07-14 19:16:11,998 - LDPTrace - INFO - Density Error: 0.006948630067234724
2023-07-14 19:16:11,998 - LDPTrace - INFO - Experiment: Hotspot Query Error...
2023-07-14 19:16:11,999 - LDPTrace - INFO - Hotspot Query Error: 0.0
2023-07-14 19:16:11,999 - LDPTrace - INFO - Experiment: Query AvRE...
2023-07-14 19:17:39,889 - LDPTrace - INFO - Point Query AvRE: 0.248916461625538
2023-07-14 19:17:39,890 - LDPTrace - INFO - Experiment: Kendall-tau...
2023-07-14 19:18:29,786 - LDPTrace - INFO - Kendall_tau:0.7587301587301587
2023-07-14 19:18:29,787 - LDPTrace - INFO - Experiment: Trip error...
2023-07-14 19:18:31,141 - LDPTrace - INFO - Trip error: 0.07710109544275304
2023-07-14 19:18:31,142 - LDPTrace - INFO - Experiment: Diameter error...
2023-07-14 19:21:23,484 - LDPTrace - INFO - Diameter error: 0.014417241556410037
2023-07-14 19:21:23,484 - LDPTrace - INFO - Experiment: Length error...
2023-07-14 19:21:31,633 - LDPTrace - INFO - Length error: 0.0321949458313745
2023-07-14 19:21:31,634 - LDPTrace - INFO - Experiment: Pattern mining errors...
2023-07-14 19:21:47,475 - LDPTrace - INFO - Pattern F1 error: 0.65
2023-07-14 19:21:47,477 - LDPTrace - INFO - Pattern support error: 0.6693871145550834
