2023-07-25 22:48:40,505 - LDPTrace - INFO - Parameters: Namespace(dataset='porto', epsilon=0.5, grid_num=6, max_len=0.9, multiprocessing=False, query_num=300, re_syn=True, size_factor=9.0)
2023-07-25 22:48:40,505 - LDPTrace - INFO - Reading porto dataset...
2023-07-25 22:48:55,293 - LDPTrace - INFO - Convert raw trajectories to grids...
2023-07-25 22:49:50,928 - LDPTrace - INFO - Quantile: 4
2023-07-25 22:49:50,928 - LDPTrace - INFO - Updating Markov prob...
2023-07-25 22:50:30,976 - LDPTrace - INFO - Aggregating...
2023-07-25 22:50:30,977 - LDPTrace - INFO - Synthesizing...
2023-07-25 22:51:38,857 - LDPTrace - INFO - Experiment: Density Error...
2023-07-25 22:51:40,200 - LDPTrace - INFO - Density Error: 0.09487444016527594
2023-07-25 22:51:40,200 - LDPTrace - INFO - Experiment: Hotspot Query Error...
2023-07-25 22:51:40,200 - LDPTrace - INFO - Hotspot Query Error: 0.046408286914721875
2023-07-25 22:51:40,201 - LDPTrace - INFO - Experiment: Query AvRE...
2023-07-25 22:54:16,461 - LDPTrace - INFO - Point Query AvRE: 2.3425161625140354
2023-07-25 22:54:16,461 - LDPTrace - INFO - Experiment: Kendall-tau...
2023-07-25 22:55:07,247 - LDPTrace - INFO - Kendall_tau:0.6698412698412698
2023-07-25 22:55:07,248 - LDPTrace - INFO - Experiment: Trip error...
2023-07-25 22:55:08,586 - LDPTrace - INFO - Trip error: 0.15426384478483485
2023-07-25 22:55:08,586 - LDPTrace - INFO - Experiment: Diameter error...
2023-07-25 22:58:01,003 - LDPTrace - INFO - Diameter error: 0.07603592036250398
2023-07-25 22:58:01,004 - LDPTrace - INFO - Experiment: Length error...
2023-07-25 22:58:08,200 - LDPTrace - INFO - Length error: 0.09083765629557408
2023-07-25 22:58:08,200 - LDPTrace - INFO - Experiment: Pattern mining errors...
2023-07-25 22:58:31,380 - LDPTrace - INFO - Pattern F1 error: 0.38
2023-07-25 22:58:31,380 - LDPTrace - INFO - Pattern support error: 0.7085809267272125
