2023-07-14 19:22:59,207 - LDPTrace - INFO - Parameters: Namespace(dataset='porto', epsilon=1.0, grid_num=6, max_len=0.9, multiprocessing=False, query_num=200, re_syn=True, size_factor=9.0)
2023-07-14 19:22:59,207 - LDPTrace - INFO - Reading porto dataset...
2023-07-14 19:23:13,682 - LDPTrace - INFO - Convert raw trajectories to grids...
2023-07-14 19:24:11,784 - LDPTrace - INFO - Quantile: 6
2023-07-14 19:24:11,786 - LDPTrace - INFO - Updating Markov prob...
2023-07-14 19:24:57,536 - LDPTrace - INFO - Aggregating...
2023-07-14 19:24:57,537 - LDPTrace - INFO - Synthesizing...
2023-07-14 19:25:44,576 - LDPTrace - INFO - Experiment: Density Error...
2023-07-14 19:25:45,679 - LDPTrace - INFO - Density Error: 0.008102794574119847
2023-07-14 19:25:45,679 - LDPTrace - INFO - Experiment: Hotspot Query Error...
2023-07-14 19:25:45,679 - LDPTrace - INFO - Hotspot Query Error: 0.0
2023-07-14 19:25:45,679 - LDPTrace - INFO - Experiment: Query AvRE...
2023-07-14 19:27:13,016 - LDPTrace - INFO - Point Query AvRE: 0.27392485610781003
2023-07-14 19:27:13,018 - LDPTrace - INFO - Experiment: Kendall-tau...
2023-07-14 19:28:00,641 - LDPTrace - INFO - Kendall_tau:0.7111111111111111
2023-07-14 19:28:00,642 - LDPTrace - INFO - Experiment: Trip error...
2023-07-14 19:28:01,956 - LDPTrace - INFO - Trip error: 0.0780180838560626
2023-07-14 19:28:01,956 - LDPTrace - INFO - Experiment: Diameter error...
2023-07-14 19:30:53,946 - LDPTrace - INFO - Diameter error: 0.014851061567241006
2023-07-14 19:30:53,947 - LDPTrace - INFO - Experiment: Length error...
2023-07-14 19:31:01,764 - LDPTrace - INFO - Length error: 0.03252586208815492
2023-07-14 19:31:01,765 - LDPTrace - INFO - Experiment: Pattern mining errors...
2023-07-14 19:31:17,072 - LDPTrace - INFO - Pattern F1 error: 0.63
2023-07-14 19:31:17,073 - LDPTrace - INFO - Pattern support error: 0.6685364142419804
