2023-07-26 00:23:17,873 - LDPTrace - INFO - Parameters: Namespace(dataset='porto', epsilon=1.0, grid_num=6, max_len=0.9, multiprocessing=False, query_num=250, re_syn=True, size_factor=9.0)
2023-07-26 00:23:17,873 - LDPTrace - INFO - Reading porto dataset...
2023-07-26 00:23:32,628 - LDPTrace - INFO - Convert raw trajectories to grids...
2023-07-26 00:25:12,074 - LDPTrace - INFO - Quantile: 5
2023-07-26 00:25:12,076 - LDPTrace - INFO - Updating Markov prob...
2023-07-26 00:26:01,396 - LDPTrace - INFO - Aggregating...
2023-07-26 00:26:01,400 - LDPTrace - INFO - Synthesizing...
2023-07-26 00:28:39,901 - LDPTrace - INFO - Experiment: Density Error...
2023-07-26 00:28:41,580 - LDPTrace - INFO - Density Error: 0.06906358202964957
2023-07-26 00:28:41,585 - LDPTrace - INFO - Experiment: Hotspot Query Error...
2023-07-26 00:28:41,588 - LDPTrace - INFO - Hotspot Query Error: 0.0
2023-07-26 00:28:41,588 - LDPTrace - INFO - Experiment: Query AvRE...
2023-07-26 00:30:45,599 - LDPTrace - INFO - Point Query AvRE: 1.7132495234984968
2023-07-26 00:30:45,599 - LDPTrace - INFO - Experiment: Kendall-tau...
2023-07-26 00:31:36,160 - LDPTrace - INFO - Kendall_tau:0.4222222222222222
2023-07-26 00:31:36,160 - LDPTrace - INFO - Experiment: Trip error...
2023-07-26 00:31:37,464 - LDPTrace - INFO - Trip error: 0.11866692787666036
2023-07-26 00:31:37,465 - LDPTrace - INFO - Experiment: Diameter error...
2023-07-26 00:34:26,857 - LDPTrace - INFO - Diameter error: 0.04078044602218826
2023-07-26 00:34:26,858 - LDPTrace - INFO - Experiment: Length error...
2023-07-26 00:34:34,415 - LDPTrace - INFO - Length error: 0.059930385282767056
2023-07-26 00:34:34,416 - LDPTrace - INFO - Experiment: Pattern mining errors...
2023-07-26 00:34:53,340 - LDPTrace - INFO - Pattern F1 error: 0.41999999999999993
2023-07-26 00:34:53,340 - LDPTrace - INFO - Pattern support error: 0.7026259363345305
