2023-07-14 18:21:40,366 - LDPTrace - INFO - Parameters: Namespace(dataset='porto', epsilon=0.5, grid_num=6, max_len=0.9, multiprocessing=False, query_num=200, re_syn=True, size_factor=9.0)
2023-07-14 18:21:40,366 - LDPTrace - INFO - Reading porto dataset...
2023-07-14 18:22:01,204 - LDPTrace - INFO - Convert raw trajectories to grids...
2023-07-14 18:24:50,056 - LDPTrace - INFO - Quantile: 7
2023-07-14 18:24:50,057 - LDPTrace - INFO - Updating Markov prob...
2023-07-14 18:26:03,626 - LDPTrace - INFO - Aggregating...
2023-07-14 18:26:03,629 - LDPTrace - INFO - Synthesizing...
2023-07-14 18:27:21,211 - LDPTrace - INFO - Experiment: Density Error...
2023-07-14 18:27:24,302 - LDPTrace - INFO - Density Error: 0.008994571810733742
2023-07-14 18:27:24,302 - LDPTrace - INFO - Experiment: Hotspot Query Error...
2023-07-14 18:27:24,303 - LDPTrace - INFO - Hotspot Query Error: 0.0
2023-07-14 18:27:24,303 - LDPTrace - INFO - Experiment: Query AvRE...
2023-07-14 18:33:15,768 - LDPTrace - INFO - Point Query AvRE: 0.2960358163126791
2023-07-14 18:33:15,769 - LDPTrace - INFO - Experiment: Kendall-tau...
2023-07-14 18:34:30,219 - LDPTrace - INFO - Kendall_tau:0.6666666666666666
2023-07-14 18:34:30,220 - LDPTrace - INFO - Experiment: Trip error...
2023-07-14 18:34:34,711 - LDPTrace - INFO - Trip error: 0.07550502474888728
2023-07-14 18:34:34,712 - LDPTrace - INFO - Experiment: Diameter error...
2023-07-14 18:40:59,059 - LDPTrace - INFO - Diameter error: 0.01515285930028537
2023-07-14 18:40:59,060 - LDPTrace - INFO - Experiment: Length error...
2023-07-14 18:41:16,858 - LDPTrace - INFO - Length error: 0.033646193712898946
2023-07-14 18:41:16,860 - LDPTrace - INFO - Experiment: Pattern mining errors...
2023-07-14 18:41:59,311 - LDPTrace - INFO - Pattern F1 error: 0.67
2023-07-14 18:41:59,313 - LDPTrace - INFO - Pattern support error: 0.6501074554953982
