2023-07-25 22:37:01,547 - LDPTrace - INFO - Parameters: Namespace(dataset='porto', epsilon=0.5, grid_num=6, max_len=0.9, multiprocessing=False, query_num=100, re_syn=True, size_factor=9.0)
2023-07-25 22:37:01,547 - LDPTrace - INFO - Reading porto dataset...
2023-07-25 22:37:16,400 - LDPTrace - INFO - Convert raw trajectories to grids...
2023-07-25 22:38:12,517 - LDPTrace - INFO - Quantile: 7
2023-07-25 22:38:12,518 - LDPTrace - INFO - Updating Markov prob...
2023-07-25 22:38:59,095 - LDPTrace - INFO - Aggregating...
2023-07-25 22:38:59,096 - LDPTrace - INFO - Synthesizing...
2023-07-25 22:39:46,091 - LDPTrace - INFO - Experiment: Density Error...
2023-07-25 22:39:47,206 - LDPTrace - INFO - Density Error: 0.008994571810733742
2023-07-25 22:39:47,206 - LDPTrace - INFO - Experiment: Hotspot Query Error...
2023-07-25 22:39:47,207 - LDPTrace - INFO - Hotspot Query Error: 0.0
2023-07-25 22:39:47,207 - LDPTrace - INFO - Experiment: Query AvRE...
2023-07-25 22:40:30,828 - LDPTrace - INFO - Point Query AvRE: 0.30984030453921996
2023-07-25 22:40:30,829 - LDPTrace - INFO - Experiment: Kendall-tau...
2023-07-25 22:41:20,489 - LDPTrace - INFO - Kendall_tau:0.6666666666666666
2023-07-25 22:41:20,490 - LDPTrace - INFO - Experiment: Trip error...
2023-07-25 22:41:21,811 - LDPTrace - INFO - Trip error: 0.07550502474888728
2023-07-25 22:41:21,811 - LDPTrace - INFO - Experiment: Diameter error...
2023-07-25 22:44:09,315 - LDPTrace - INFO - Diameter error: 0.01515285930028537
2023-07-25 22:44:09,316 - LDPTrace - INFO - Experiment: Length error...
2023-07-25 22:44:16,535 - LDPTrace - INFO - Length error: 0.033646193712898946
2023-07-25 22:44:16,535 - LDPTrace - INFO - Experiment: Pattern mining errors...
2023-07-25 22:44:33,735 - LDPTrace - INFO - Pattern F1 error: 0.67
2023-07-25 22:44:33,736 - LDPTrace - INFO - Pattern support error: 0.6501074554953982
