2023-07-25 22:48:27,919 - LDPTrace - INFO - Parameters: Namespace(dataset='porto', epsilon=1.0, grid_num=6, max_len=0.9, multiprocessing=False, query_num=300, re_syn=True, size_factor=9.0)
2023-07-25 22:48:27,919 - LDPTrace - INFO - Reading porto dataset...
2023-07-25 22:48:42,181 - LDPTrace - INFO - Convert raw trajectories to grids...
2023-07-25 22:49:38,709 - LDPTrace - INFO - Quantile: 5
2023-07-25 22:49:38,710 - LDPTrace - INFO - Updating Markov prob...
2023-07-25 22:50:22,090 - LDPTrace - INFO - Aggregating...
2023-07-25 22:50:22,091 - LDPTrace - INFO - Synthesizing...
2023-07-25 22:51:19,157 - LDPTrace - INFO - Experiment: Density Error...
2023-07-25 22:51:20,353 - LDPTrace - INFO - Density Error: 0.06906358202964957
2023-07-25 22:51:20,353 - LDPTrace - INFO - Experiment: Hotspot Query Error...
2023-07-25 22:51:20,353 - LDPTrace - INFO - Hotspot Query Error: 0.0
2023-07-25 22:51:20,354 - LDPTrace - INFO - Experiment: Query AvRE...
2023-07-25 22:53:42,105 - LDPTrace - INFO - Point Query AvRE: 1.7273526729149489
2023-07-25 22:53:42,107 - LDPTrace - INFO - Experiment: Kendall-tau...
2023-07-25 22:54:32,999 - LDPTrace - INFO - Kendall_tau:0.4222222222222222
2023-07-25 22:54:33,000 - LDPTrace - INFO - Experiment: Trip error...
2023-07-25 22:54:34,320 - LDPTrace - INFO - Trip error: 0.11866692787666036
2023-07-25 22:54:34,320 - LDPTrace - INFO - Experiment: Diameter error...
2023-07-25 22:57:26,588 - LDPTrace - INFO - Diameter error: 0.04078044602218826
2023-07-25 22:57:26,589 - LDPTrace - INFO - Experiment: Length error...
2023-07-25 22:57:33,717 - LDPTrace - INFO - Length error: 0.059930385282767056
2023-07-25 22:57:33,717 - LDPTrace - INFO - Experiment: Pattern mining errors...
2023-07-25 22:57:52,236 - LDPTrace - INFO - Pattern F1 error: 0.41999999999999993
2023-07-25 22:57:52,237 - LDPTrace - INFO - Pattern support error: 0.7026259363345305
