2023-07-25 22:37:16,449 - LDPTrace - INFO - Parameters: Namespace(dataset='porto', epsilon=1.5, grid_num=6, max_len=0.9, multiprocessing=False, query_num=100, re_syn=True, size_factor=9.0)
2023-07-25 22:37:16,449 - LDPTrace - INFO - Reading porto dataset...
2023-07-25 22:37:32,107 - LDPTrace - INFO - Convert raw trajectories to grids...
2023-07-25 22:38:26,287 - LDPTrace - INFO - Quantile: 6
2023-07-25 22:38:26,287 - LDPTrace - INFO - Updating Markov prob...
2023-07-25 22:39:13,107 - LDPTrace - INFO - Aggregating...
2023-07-25 22:39:13,108 - LDPTrace - INFO - Synthesizing...
2023-07-25 22:40:00,301 - LDPTrace - INFO - Experiment: Density Error...
2023-07-25 22:40:01,438 - LDPTrace - INFO - Density Error: 0.006948630067234724
2023-07-25 22:40:01,439 - LDPTrace - INFO - Experiment: Hotspot Query Error...
2023-07-25 22:40:01,439 - LDPTrace - INFO - Hotspot Query Error: 0.0
2023-07-25 22:40:01,439 - LDPTrace - INFO - Experiment: Query AvRE...
2023-07-25 22:40:45,657 - LDPTrace - INFO - Point Query AvRE: 0.2374558759871669
2023-07-25 22:40:45,657 - LDPTrace - INFO - Experiment: Kendall-tau...
2023-07-25 22:41:37,705 - LDPTrace - INFO - Kendall_tau:0.7587301587301587
2023-07-25 22:41:37,705 - LDPTrace - INFO - Experiment: Trip error...
2023-07-25 22:41:39,066 - LDPTrace - INFO - Trip error: 0.07710109544275304
2023-07-25 22:41:39,066 - LDPTrace - INFO - Experiment: Diameter error...
2023-07-25 22:44:28,956 - LDPTrace - INFO - Diameter error: 0.014417241556410037
2023-07-25 22:44:28,957 - LDPTrace - INFO - Experiment: Length error...
2023-07-25 22:44:37,249 - LDPTrace - INFO - Length error: 0.0321949458313745
2023-07-25 22:44:37,250 - LDPTrace - INFO - Experiment: Pattern mining errors...
2023-07-25 22:44:52,289 - LDPTrace - INFO - Pattern F1 error: 0.65
2023-07-25 22:44:52,290 - LDPTrace - INFO - Pattern support error: 0.6693871145550834
