2023-07-14 18:21:35,486 - LDPTrace - INFO - Parameters: Namespace(dataset='porto', epsilon=1.5, grid_num=6, max_len=0.9, multiprocessing=False, query_num=200, re_syn=True, size_factor=9.0)
2023-07-14 18:21:35,486 - LDPTrace - INFO - Reading porto dataset...
2023-07-14 18:21:55,947 - LDPTrace - INFO - Convert raw trajectories to grids...
2023-07-14 18:24:49,232 - LDPTrace - INFO - Quantile: 6
2023-07-14 18:24:49,234 - LDPTrace - INFO - Updating Markov prob...
2023-07-14 18:26:01,995 - LDPTrace - INFO - Aggregating...
2023-07-14 18:26:01,997 - LDPTrace - INFO - Synthesizing...
2023-07-14 18:27:19,608 - LDPTrace - INFO - Experiment: Density Error...
2023-07-14 18:27:22,767 - LDPTrace - INFO - Density Error: 0.006948630067234724
2023-07-14 18:27:22,767 - LDPTrace - INFO - Experiment: Hotspot Query Error...
2023-07-14 18:27:22,768 - LDPTrace - INFO - Hotspot Query Error: 0.0
2023-07-14 18:27:22,768 - LDPTrace - INFO - Experiment: Query AvRE...
2023-07-14 18:33:22,231 - LDPTrace - INFO - Point Query AvRE: 0.248916461625538
2023-07-14 18:33:22,232 - LDPTrace - INFO - Experiment: Kendall-tau...
2023-07-14 18:34:39,336 - LDPTrace - INFO - Kendall_tau:0.7587301587301587
2023-07-14 18:34:39,337 - LDPTrace - INFO - Experiment: Trip error...
2023-07-14 18:34:43,930 - LDPTrace - INFO - Trip error: 0.07710109544275304
2023-07-14 18:34:43,931 - LDPTrace - INFO - Experiment: Diameter error...
2023-07-14 18:41:12,332 - LDPTrace - INFO - Diameter error: 0.014417241556410037
2023-07-14 18:41:12,334 - LDPTrace - INFO - Experiment: Length error...
2023-07-14 18:41:31,153 - LDPTrace - INFO - Length error: 0.0321949458313745
2023-07-14 18:41:31,156 - LDPTrace - INFO - Experiment: Pattern mining errors...
2023-07-14 18:42:14,744 - LDPTrace - INFO - Pattern F1 error: 0.65
2023-07-14 18:42:14,744 - LDPTrace - INFO - Pattern support error: 0.6693871145550834
