2023-07-14 19:23:49,876 - LDPTrace - INFO - Parameters: Namespace(dataset='porto', epsilon=1.0, grid_num=6, max_len=0.9, multiprocessing=False, query_num=200, re_syn=True, size_factor=9.0)
2023-07-14 19:23:49,876 - LDPTrace - INFO - Reading porto dataset...
2023-07-14 19:24:06,874 - LDPTrace - INFO - Convert raw trajectories to grids...
2023-07-14 19:25:02,075 - LDPTrace - INFO - Quantile: 6
2023-07-14 19:25:02,076 - LDPTrace - INFO - Updating Markov prob...
2023-07-14 19:25:47,870 - LDPTrace - INFO - Aggregating...
2023-07-14 19:25:47,871 - LDPTrace - INFO - Synthesizing...
2023-07-14 19:26:35,499 - LDPTrace - INFO - Experiment: Density Error...
2023-07-14 19:26:36,591 - LDPTrace - INFO - Density Error: 0.008102794574119847
2023-07-14 19:26:36,591 - LDPTrace - INFO - Experiment: Hotspot Query Error...
2023-07-14 19:26:36,592 - LDPTrace - INFO - Hotspot Query Error: 0.0
2023-07-14 19:26:36,592 - LDPTrace - INFO - Experiment: Query AvRE...
2023-07-14 19:28:03,727 - LDPTrace - INFO - Point Query AvRE: 0.27392485610781003
2023-07-14 19:28:03,729 - LDPTrace - INFO - Experiment: Kendall-tau...
2023-07-14 19:28:53,760 - LDPTrace - INFO - Kendall_tau:0.7111111111111111
2023-07-14 19:28:53,761 - LDPTrace - INFO - Experiment: Trip error...
2023-07-14 19:28:55,078 - LDPTrace - INFO - Trip error: 0.0780180838560626
2023-07-14 19:28:55,078 - LDPTrace - INFO - Experiment: Diameter error...
2023-07-14 19:31:49,660 - LDPTrace - INFO - Diameter error: 0.014851061567241006
2023-07-14 19:31:49,660 - LDPTrace - INFO - Experiment: Length error...
2023-07-14 19:31:56,826 - LDPTrace - INFO - Length error: 0.03252586208815492
2023-07-14 19:31:56,826 - LDPTrace - INFO - Experiment: Pattern mining errors...
2023-07-14 19:32:10,692 - LDPTrace - INFO - Pattern F1 error: 0.63
2023-07-14 19:32:10,692 - LDPTrace - INFO - Pattern support error: 0.6685364142419804
