2023-07-14 19:23:08,738 - LDPTrace - INFO - Parameters: Namespace(dataset='porto', epsilon=1.5, grid_num=6, max_len=0.9, multiprocessing=False, query_num=200, re_syn=True, size_factor=9.0)
2023-07-14 19:23:08,738 - LDPTrace - INFO - Reading porto dataset...
2023-07-14 19:23:23,179 - LDPTrace - INFO - Convert raw trajectories to grids...
2023-07-14 19:24:22,876 - LDPTrace - INFO - Quantile: 6
2023-07-14 19:24:22,878 - LDPTrace - INFO - Updating Markov prob...
2023-07-14 19:25:08,643 - LDPTrace - INFO - Aggregating...
2023-07-14 19:25:08,644 - LDPTrace - INFO - Synthesizing...
2023-07-14 19:25:56,205 - LDPTrace - INFO - Experiment: Density Error...
2023-07-14 19:25:57,369 - LDPTrace - INFO - Density Error: 0.006948630067234724
2023-07-14 19:25:57,370 - LDPTrace - INFO - Experiment: Hotspot Query Error...
2023-07-14 19:25:57,370 - LDPTrace - INFO - Hotspot Query Error: 0.0
2023-07-14 19:25:57,370 - LDPTrace - INFO - Experiment: Query AvRE...
2023-07-14 19:27:25,825 - LDPTrace - INFO - Point Query AvRE: 0.248916461625538
2023-07-14 19:27:25,826 - LDPTrace - INFO - Experiment: Kendall-tau...
2023-07-14 19:28:17,271 - LDPTrace - INFO - Kendall_tau:0.7587301587301587
2023-07-14 19:28:17,272 - LDPTrace - INFO - Experiment: Trip error...
2023-07-14 19:28:18,605 - LDPTrace - INFO - Trip error: 0.07710109544275304
2023-07-14 19:28:18,605 - LDPTrace - INFO - Experiment: Diameter error...
2023-07-14 19:31:17,141 - LDPTrace - INFO - Diameter error: 0.014417241556410037
2023-07-14 19:31:17,143 - LDPTrace - INFO - Experiment: Length error...
2023-07-14 19:31:26,946 - LDPTrace - INFO - Length error: 0.0321949458313745
2023-07-14 19:31:26,946 - LDPTrace - INFO - Experiment: Pattern mining errors...
2023-07-14 19:31:41,442 - LDPTrace - INFO - Pattern F1 error: 0.65
2023-07-14 19:31:41,442 - LDPTrace - INFO - Pattern support error: 0.6693871145550834
